<?xml version="1.0" encoding="UTF-8"?>
<testsuite xmlns:xsi="http://www.w3.org/2001/XMLSchema-instance" xsi:noNamespaceSchemaLocation="https://maven.apache.org/surefire/maven-surefire-plugin/xsd/surefire-test-report-3.0.xsd" version="3.0" name="com.device.DeviceManagement.DeviceManagementApplicationTests" time="7.096" tests="1" errors="0" skipped="0" failures="0">
  <properties>
[...]
</properties>
  <testcase name="contextLoads" classname="com.device.DeviceManagement.DeviceManagementApplicationTests" time="1.41">
    <system-out><![CDATA[18:40:55.435 [main] INFO org.springframework.test.context.support.AnnotationConfigContextLoaderUtils -- Could not detect default configuration classes for test class [com.device.DeviceManagement.DeviceManagementApplicationTests]: DeviceManagementApplicationTests does not declare any static, non-private, non-final, nested classes annotated with @Configuration.
18:40:55.576 [main] INFO org.springframework.boot.test.context.SpringBootTestContextBootstrapper -- Found @SpringBootConfiguration com.device.DeviceManagement.DeviceManagementApplication for test class com.device.DeviceManagement.DeviceManagementApplicationTests
18:40:55.790 [main] INFO org.springframework.boot.devtools.restart.RestartApplicationListener -- Restart disabled due to context in which it is running
  .   ____          _            __ _ _
 /\\ / ___'_ __ _ _(_)_ __  __ _ \ \ \ \
( ( )\___ | '_ | '_| | '_ \/ _` | \ \ \ \
 \\/  ___)| |_)| | | | | || (_| |  ) ) ) )
  '  |____| .__|_| |_|_| |_\__, | / / / /
 =========|_|==============|___/=/_/_/_/

 :: Spring Boot ::                (v3.3.0)

2025-02-14T18:40:56.349+06:00  INFO 15028 --- [           main] c.d.D.DeviceManagementApplicationTests   : Starting DeviceManagementApplicationTests using Java 23.0.1 with PID 15028 (started by Saddam in E:\Habitatlimited\DeviceManagement)
2025-02-14T18:40:56.350+06:00  INFO 15028 --- [           main] c.d.D.DeviceManagementApplicationTests   : No active profile set, falling back to 1 default profile: "default"
2025-02-14T18:40:57.123+06:00  INFO 15028 --- [           main] .s.d.r.c.RepositoryConfigurationDelegate : Bootstrapping Spring Data MongoDB repositories in DEFAULT mode.
2025-02-14T18:40:57.268+06:00  INFO 15028 --- [           main] .s.d.r.c.RepositoryConfigurationDelegate : Finished Spring Data repository scanning in 134 ms. Found 11 MongoDB repository interfaces.
2025-02-14T18:40:58.622+06:00  INFO 15028 --- [           main] org.mongodb.driver.client                : MongoClient with metadata {"application": {"name": "Cluster0"}, "driver": {"name": "mongo-java-driver|sync|spring-boot", "version": "5.0.1"}, "os": {"type": "Windows", "name": "Windows 11", "architecture": "amd64", "version": "10.0"}, "platform": "Java/Oracle Corporation/23.0.1+11-39"} created with settings MongoClientSettings{readPreference=primary, writeConcern=WriteConcern{w=majority, wTimeout=null ms, journal=null}, retryWrites=true, retryReads=true, readConcern=ReadConcern{level=null}, credential=MongoCredential{mechanism=null, userName='root', source='admin', password=<hidden>, mechanismProperties=<hidden>}, transportSettings=null, commandListeners=[], codecRegistry=ProvidersCodecRegistry{codecProviders=[ValueCodecProvider{}, BsonValueCodecProvider{}, DBRefCodecProvider{}, DBObjectCodecProvider{}, DocumentCodecProvider{}, CollectionCodecProvider{}, IterableCodecProvider{}, MapCodecProvider{}, GeoJsonCodecProvider{}, GridFSFileCodecProvider{}, Jsr310CodecProvider{}, JsonObjectCodecProvider{}, BsonCodecProvider{}, EnumCodecProvider{}, com.mongodb.client.model.mql.ExpressionCodecProvider@2e43c38d, com.mongodb.Jep395RecordCodecProvider@649f25f3, com.mongodb.KotlinCodecProvider@2e62ead7]}, loggerSettings=LoggerSettings{maxDocumentLength=1000}, clusterSettings={hosts=[127.0.0.1:27017], srvHost=cluster0.lhvo556.mongodb.net, srvServiceName=mongodb, mode=MULTIPLE, requiredClusterType=REPLICA_SET, requiredReplicaSetName='atlas-jek2qb-shard-0', serverSelector='null', clusterListeners='[]', serverSelectionTimeout='30000 ms', localThreshold='15 ms'}, socketSettings=SocketSettings{connectTimeoutMS=10000, readTimeoutMS=0, receiveBufferSize=0, proxySettings=ProxySettings{host=null, port=null, username=null, password=null}}, heartbeatSocketSettings=SocketSettings{connectTimeoutMS=10000, readTimeoutMS=10000, receiveBufferSize=0, proxySettings=ProxySettings{host=null, port=null, username=null, password=null}}, connectionPoolSettings=ConnectionPoolSettings{maxSize=100, minSize=0, maxWaitTimeMS=120000, maxConnectionLifeTimeMS=0, maxConnectionIdleTimeMS=0, maintenanceInitialDelayMS=0, maintenanceFrequencyMS=60000, connectionPoolListeners=[], maxConnecting=2}, serverSettings=ServerSettings{heartbeatFrequencyMS=10000, minHeartbeatFrequencyMS=500, serverListeners='[]', serverMonitorListeners='[]'}, sslSettings=SslSettings{enabled=true, invalidHostNameAllowed=false, context=null}, applicationName='Cluster0', compressorList=[], uuidRepresentation=JAVA_LEGACY, serverApi=null, autoEncryptionSettings=null, dnsClient=null, inetAddressResolver=null, contextProvider=null}
2025-02-14T18:40:58.681+06:00  INFO 15028 --- [556.mongodb.net] org.mongodb.driver.cluster               : Adding discovered server ac-hwhmcth-shard-00-00.lhvo556.mongodb.net:27017 to client view of cluster
2025-02-14T18:40:58.737+06:00  INFO 15028 --- [556.mongodb.net] org.mongodb.driver.cluster               : Adding discovered server ac-hwhmcth-shard-00-01.lhvo556.mongodb.net:27017 to client view of cluster
2025-02-14T18:40:58.743+06:00  INFO 15028 --- [556.mongodb.net] org.mongodb.driver.cluster               : Adding discovered server ac-hwhmcth-shard-00-02.lhvo556.mongodb.net:27017 to client view of cluster
2025-02-14T18:40:59.920+06:00  INFO 15028 --- [ngodb.net:27017] org.mongodb.driver.cluster               : Monitor thread successfully connected to server with description ServerDescription{address=ac-hwhmcth-shard-00-00.lhvo556.mongodb.net:27017, type=REPLICA_SET_SECONDARY, state=CONNECTED, ok=true, minWireVersion=0, maxWireVersion=25, maxDocumentSize=16777216, logicalSessionTimeoutMinutes=30, roundTripTimeNanos=730793100, setName='atlas-jek2qb-shard-0', canonicalAddress=ac-hwhmcth-shard-00-00.lhvo556.mongodb.net:27017, hosts=[ac-hwhmcth-shard-00-02.lhvo556.mongodb.net:27017, ac-hwhmcth-shard-00-01.lhvo556.mongodb.net:27017, ac-hwhmcth-shard-00-00.lhvo556.mongodb.net:27017], passives=[], arbiters=[], primary='ac-hwhmcth-shard-00-01.lhvo556.mongodb.net:27017', tagSet=TagSet{[Tag{name='availabilityZone', value='aps1-az1'}, Tag{name='diskState', value='READY'}, Tag{name='nodeType', value='ELECTABLE'}, Tag{name='provider', value='AWS'}, Tag{name='region', value='AP_SOUTH_1'}, Tag{name='workloadType', value='OPERATIONAL'}]}, electionId=null, setVersion=176, topologyVersion=TopologyVersion{processId=67abc1b7fb832e2c762e624e, counter=4}, lastWriteDate=Fri Feb 14 18:41:00 GMT+06:00 2025, lastUpdateTimeNanos=20767897691200}
2025-02-14T18:40:59.920+06:00  INFO 15028 --- [ngodb.net:27017] org.mongodb.driver.cluster               : Monitor thread successfully connected to server with description ServerDescription{address=ac-hwhmcth-shard-00-01.lhvo556.mongodb.net:27017, type=REPLICA_SET_PRIMARY, state=CONNECTED, ok=true, minWireVersion=0, maxWireVersion=25, maxDocumentSize=16777216, logicalSessionTimeoutMinutes=30, roundTripTimeNanos=731642800, setName='atlas-jek2qb-shard-0', canonicalAddress=ac-hwhmcth-shard-00-01.lhvo556.mongodb.net:27017, hosts=[ac-hwhmcth-shard-00-02.lhvo556.mongodb.net:27017, ac-hwhmcth-shard-00-01.lhvo556.mongodb.net:27017, ac-hwhmcth-shard-00-00.lhvo556.mongodb.net:27017], passives=[], arbiters=[], primary='ac-hwhmcth-shard-00-01.lhvo556.mongodb.net:27017', tagSet=TagSet{[Tag{name='availabilityZone', value='aps1-az3'}, Tag{name='diskState', value='READY'}, Tag{name='nodeType', value='ELECTABLE'}, Tag{name='provider', value='AWS'}, Tag{name='region', value='AP_SOUTH_1'}, Tag{name='workloadType', value='OPERATIONAL'}]}, electionId=7fffffff00000000000001f1, setVersion=176, topologyVersion=TopologyVersion{processId=67abc0d8ae1099e5312eb1bb, counter=6}, lastWriteDate=Fri Feb 14 18:41:00 GMT+06:00 2025, lastUpdateTimeNanos=20767897981900}
2025-02-14T18:40:59.920+06:00  INFO 15028 --- [ngodb.net:27017] org.mongodb.driver.cluster               : Monitor thread successfully connected to server with description ServerDescription{address=ac-hwhmcth-shard-00-02.lhvo556.mongodb.net:27017, type=REPLICA_SET_SECONDARY, state=CONNECTED, ok=true, minWireVersion=0, maxWireVersion=25, maxDocumentSize=16777216, logicalSessionTimeoutMinutes=30, roundTripTimeNanos=731268000, setName='atlas-jek2qb-shard-0', canonicalAddress=ac-hwhmcth-shard-00-02.lhvo556.mongodb.net:27017, hosts=[ac-hwhmcth-shard-00-02.lhvo556.mongodb.net:27017, ac-hwhmcth-shard-00-01.lhvo556.mongodb.net:27017, ac-hwhmcth-shard-00-00.lhvo556.mongodb.net:27017], passives=[], arbiters=[], primary='ac-hwhmcth-shard-00-01.lhvo556.mongodb.net:27017', tagSet=TagSet{[Tag{name='availabilityZone', value='aps1-az2'}, Tag{name='diskState', value='READY'}, Tag{name='nodeType', value='ELECTABLE'}, Tag{name='provider', value='AWS'}, Tag{name='region', value='AP_SOUTH_1'}, Tag{name='workloadType', value='OPERATIONAL'}]}, electionId=null, setVersion=176, topologyVersion=TopologyVersion{processId=67abc34291cd05d1f83b4060, counter=3}, lastWriteDate=Fri Feb 14 18:41:00 GMT+06:00 2025, lastUpdateTimeNanos=20767897691200}
2025-02-14T18:40:59.930+06:00  INFO 15028 --- [ngodb.net:27017] org.mongodb.driver.cluster               : Discovered replica set primary ac-hwhmcth-shard-00-01.lhvo556.mongodb.net:27017 with max election id 7fffffff00000000000001f1 and max set version 176
2025-02-14T18:41:00.871+06:00  INFO 15028 --- [           main] c.d.D.DeviceManagementApplicationTests   : Started DeviceManagementApplicationTests in 5.095 seconds (process running for 6.874)
]]></system-out>
    <system-err><![CDATA[WARNING: A Java agent has been loaded dynamically (C:\Users\Saddam\.m2\repository\net\bytebuddy\byte-buddy-agent\1.14.16\byte-buddy-agent-1.14.16.jar)
WARNING: If a serviceability tool is in use, please run with -XX:+EnableDynamicAgentLoading to hide this warning
WARNING: If a serviceability tool is not in use, please run with -Djdk.instrument.traceUsage for more information
WARNING: Dynamic loading of agents will be disallowed by default in a future release
]]></system-err>
  </testcase>
</testsuite>